<?xml version="1.0" encoding="UTF-8"?>
<!-- Generated by org.testng.reporters.JUnitReportReporter -->
<testsuite hostname="INLaptop110.local" failures="0" tests="1" name="com.iomedia.VirtualVenue.TestCases" time="9.269" errors="0" timestamp="2021-02-24T17:04:17 IST" skipped="0">
  <testcase classname="com.iomedia.VirtualVenue.TestCases" name="launchSite" time="9.269"/>
  <system-out/>
</testsuite> <!-- com.iomedia.VirtualVenue.TestCases -->
