<?xml version="1.0" encoding="UTF-8"?>
<!-- Generated by org.testng.reporters.JUnitReportReporter -->
<testsuite hostname="INLaptop110.local" failures="0" tests="2" name="testCases.CMSLoginTC" time="6.530" errors="0" timestamp="2021-02-25T18:21:51 IST" skipped="0">
  <testcase classname="testCases.CMSLoginTC" name="login" time="2.418"/>
  <system-out/>
  <testcase classname="testCases.CMSLoginTC" name="getCurrentUrl" time="4.112"/>
  <system-out/>
</testsuite> <!-- testCases.CMSLoginTC -->
